1536489409768	geckodriver	INFO	geckodriver 0.20.1
1536489409768	geckodriver	INFO	Listening on 127.0.0.1:13126
1536489557197	geckodriver	INFO	geckodriver 0.20.1
1536489557213	geckodriver	INFO	Listening on 127.0.0.1:13422
1536489560229	mozrunner::runner	INFO	Running command: "C:\\Program Files (x86)\\Mozilla Firefox\\firefox.exe" "-marionette" "-profile" "C:\\Users\\user\\AppData\\Local\\Temp\\rust_mozprofile.T84OBntNn00M"
1536489565038	Marionette	INFO	Listening on port 13434
1536489565156	Marionette	WARN	TLS certificate errors will be ignored for this session
1536489565232	Marionette	DEBUG	[6442450945] Frame script loaded
1536489565236	Marionette	DEBUG	[6442450945] Frame script registered
1536489565276	Marionette	DEBUG	[6442450945] Received DOM event beforeunload for about:blank
1536489566625	Marionette	DEBUG	[6442450945] Received DOM event pagehide for about:blank
1536489567848	Marionette	DEBUG	[6442450945] Received DOM event DOMContentLoaded for https://awwapp.com/
1536489571142	Marionette	DEBUG	[6442450945] Received DOM event pageshow for https://awwapp.com/
1536489571214	Marionette	DEBUG	[6442450945] Received DOM event popstate for https://awwapp.com/#
1536489571476	Marionette	DEBUG	[6442450945] Canceled page load listener because no navigation has been detected
1536489573827	Marionette	INFO	Stopped listening on port 13434
[Parent 11856, Gecko_IOThread] WARNING: pipe error: 109: file z:/build/build/src/ipc/chromium/src/chrome/common/ipc_channel_win.cc, line 346
[Child 10112, Chrome_ChildThread] WARNING: pipe error: 109: file z:/build/build/src/ipc/chromium/src/chrome/common/ipc_channel_win.cc, line 346
[Child 10112, Chrome_ChildThread] WARNING: pipe error: 109: file z:/build/build/src
###!!! [Child][MessageChannel::SendAndWait] Error: Channel error: cannot send/recv

1536489687276	geckodriver	INFO	geckodriver 0.20.1
1536489687276	geckodriver	INFO	Listening on 127.0.0.1:13723
1536489690338	mozrunner::runner	INFO	Running command: "C:\\Program Files (x86)\\Mozilla Firefox\\firefox.exe" "-marionette" "headless" "-profile" "C:\\Users\\user\\AppData\\Local\\Temp\\rust_mozprofile.7GLP9Ywpygn6"
1536489694409	Marionette	INFO	Listening on port 13736
1536489694561	Marionette	WARN	TLS certificate errors will be ignored for this session
1536489694656	Marionette	DEBUG	[6442450945] Frame script loaded
1536489694658	Marionette	DEBUG	[6442450945] Frame script registered
1536489694673	Marionette	DEBUG	[6442450945] Received DOM event beforeunload for about:blank
1536489695536	Marionette	DEBUG	[6442450945] Received DOM event pagehide for about:blank
1536489695537	Marionette	DEBUG	[6442450945] Received DOM event unload for about:blank
1536489696509	Marionette	DEBUG	[6442450945] Received DOM event DOMContentLoaded for https://awwapp.com/
1536489698806	Marionette	DEBUG	[6442450945] Received DOM event pageshow for https://awwapp.com/
1536489698841	Marionette	DEBUG	[6442450945] Received DOM event popstate for https://awwapp.com/#
1536489699116	Marionette	DEBUG	[6442450945] Canceled page load listener because no navigation has been detected
1536489701459	Marionette	INFO	Stopped listening on port 13736
[Child 14416, Chrome_ChildThread] WARNING: pipe error: 109: file z:/build/build/src/ipc/chromium/src/chrome/common/ipc_channel_win.cc, line 346
[Child 14416
###!!! [Child][RunMessage] Error: Channel closing: too late to send/recv, messages will be lost


###!!! [Child][RunMessage] Error: Channel closing: too late to send/recv, messages will be lost

[GPU 2692, Ch
###!!! [Child][MessageChannel::SendAndWait] Error: Channel error: cannot send/recv

1536489740678	geckodriver	INFO	geckodriver 0.20.1
1536489740678	geckodriver	INFO	Listening on 127.0.0.1:13889
1536489743714	mozrunner::runner	INFO	Running command: "C:\\Program Files (x86)\\Mozilla Firefox\\firefox.exe" "-marionette" "--headless" "-profile" "C:\\Users\\user\\AppData\\Local\\Temp\\rust_mozprofile.1Y5HTAOHCVw3"
*** You are running in headless mode.
1536489745538	Marionette	INFO	Listening on port 13902
1536489745780	Marionette	WARN	TLS certificate errors will be ignored for this session
1536489745838	Marionette	DEBUG	[6442450945] Frame script loaded
1536489745840	Marionette	DEBUG	[6442450945] Frame script registered
1536489745857	Marionette	DEBUG	[6442450945] Received DOM event beforeunload for about:blank
1536489746711	Marionette	DEBUG	[6442450945] Received DOM event pagehide for about:blank
1536489747650	Marionette	DEBUG	[6442450945] Received DOM event DOMContentLoaded for https://awwapp.com/
1536489749837	Marionette	DEBUG	[6442450945] Received DOM event pageshow for https://awwapp.com/
1536489749858	Marionette	DEBUG	[6442450945] Received DOM event popstate for https://awwapp.com/#
1536489750101	Marionette	DEBUG	[6442450945] Canceled page load listener because no navigation has been detected
1536489753441	Marionette	INFO	Stopped listening on port 13902
[Child 6016, Chrome_ChildThread] WARNING: pipe error: 232: file z:/build/build/src/ipc/chromium/src/chrome/common/ipc_channel_win.cc, line 513
[Child 6016, Chrome_ChildThread] WARNING: pipe error: 109: file z:/build/build/src/ipc/chromium/src/chrome/common/ipc_channel_win.cc, line 346
[Child 6016, Chro1536489758401	geckodriver	INFO	geckodriver 0.20.1
1536489758417	geckodriver	INFO	Listening on 127.0.0.1:13984
1536489761464	mozrunner::runner	INFO	Running command: "C:\\Program Files (x86)\\Mozilla Firefox\\firefox.exe" "-marionette" "--headless" "-profile" "C:\\Users\\user\\AppData\\Local\\Temp\\rust_mozprofile.yHSJfR6tMyHD"
*** You are running in headless mode.
1536489763041	Marionette	INFO	Listening on port 13996
1536489763516	Marionette	WARN	TLS certificate errors will be ignored for this session
1536489763615	Marionette	DEBUG	[6442450945] Frame script loaded
1536489763617	Marionette	DEBUG	[6442450945] Frame script registered
1536489763630	Marionette	DEBUG	[6442450945] Received DOM event beforeunload for about:blank
1536489764509	Marionette	DEBUG	[6442450945] Received DOM event pagehide for about:blank
1536489765383	Marionette	DEBUG	[6442450945] Received DOM event DOMContentLoaded for https://awwapp.com/
1536489767414	Marionette	DEBUG	[6442450945] Received DOM event pageshow for https://awwapp.com/
1536489767438	Marionette	DEBUG	[6442450945] Received DOM event popstate for https://awwapp.com/#
1536489767672	Marionette	DEBUG	[6442450945] Canceled page load listener because no navigation has been detected
1536489769979	Marionette	INFO	Stopped listening on port 13996
[Child 6404, Chrome_ChildThread] WARNING: pipe error: 109: file z:/build/build/src/ipc/chromium/src/chrome/common/ipc_channel_win.cc, line 346
[Child 6404, Chrome_ChildThread] WARNING: pipe error: 109: file z:/build/build/src/ipc/chromium/src/chrome/common/ipc_[Child 15392, Chrome_ChildThread] WARNING: pipe error: 109: file z:/build/build/src/ipc/chromium/src/chrome/common/ipc_channel_win.cc, line 346
[Child 15392, Chrom1536489849604	geckodriver	INFO	geckodriver 0.20.1
1536489849620	geckodriver	INFO	Listening on 127.0.0.1:14209
1536489852640	mozrunner::runner	INFO	Running command: "C:\\Program Files (x86)\\Mozilla Firefox\\firefox.exe" "-marionette" "--headless" "-profile" "C:\\Users\\user\\AppData\\Local\\Temp\\rust_mozprofile.2lYH18OuplTH"
*** You are running in headless mode.
1536489854369	Marionette	INFO	Listening on port 14223
1536489854692	Marionette	WARN	TLS certificate errors will be ignored for this session
1536489854753	Marionette	DEBUG	[6442450945] Frame script loaded
1536489854755	Marionette	DEBUG	[6442450945] Frame script registered
1536489854769	Marionette	DEBUG	[6442450945] Received DOM event beforeunload for about:blank
1536489855752	Marionette	DEBUG	[6442450945] Received DOM event pagehide for about:blank
1536489856811	Marionette	DEBUG	[6442450945] Received DOM event DOMContentLoaded for https://awwapp.com/
1536489858882	Marionette	DEBUG	[6442450945] Received DOM event pageshow for https://awwapp.com/
1536489858905	Marionette	DEBUG	[6442450945] Received DOM event popstate for https://awwapp.com/#
1536489859159	Marionette	DEBUG	[6442450945] Canceled page load listener because no navigation has been detected
1536489861378	Marionette	INFO	Stopped listening on port 14223
[Child 15940, Chrome_ChildThread] WARNING: pipe error: 109: file z:/build/build/src/ipc/chromium/src/chrome/common/ipc_channel_win.cc, line 346
[Child 15940, Chro[Child 11848, Chrome_ChildThread] WARNING: pipe error: 109: file z:/build/build/src/ipc/chromium/src/chrome/common/ipc_channel_win.cc, line 346
[Child 11848, Chrome_ChildThre1536489869025	geckodriver	INFO	geckodriver 0.20.1
1536489869040	geckodriver	INFO	Listening on 127.0.0.1:14307
1536489872040	mozrunner::runner	INFO	Running command: "C:\\Program Files (x86)\\Mozilla Firefox\\firefox.exe" "-marionette" "--headless" "-profile" "C:\\Users\\user\\AppData\\Local\\Temp\\rust_mozprofile.S6o6a9iHQIvZ"
*** You are running in headless mode.
1536489873513	Marionette	INFO	Listening on port 14319
1536489873576	Marionette	WARN	TLS certificate errors will be ignored for this session
1536489873650	Marionette	DEBUG	[6442450945] Frame script loaded
1536489873655	Marionette	DEBUG	[6442450945] Frame script registered
1536489873675	Marionette	DEBUG	[6442450945] Received DOM event beforeunload for about:blank
1536489875065	Marionette	DEBUG	[6442450945] Received DOM event pagehide for about:blank
1536489876225	Marionette	DEBUG	[6442450945] Received DOM event DOMContentLoaded for https://awwapp.com/
1536489878398	Marionette	DEBUG	[6442450945] Received DOM event pageshow for https://awwapp.com/
1536489878428	Marionette	DEBUG	[6442450945] Received DOM event popstate for https://awwapp.com/#
1536489878682	Marionette	DEBUG	[6442450945] Canceled page load listener because no navigation has been detected
1536489880896	Marionette	INFO	Stopped listening on port 14319
[Child 9452, Chrome_ChildThread] WARNING: pipe error: 109: file z:/build/build/src/ipc/chromium/src/chrome/common/ipc_channel_win.cc, line 346
[Child 9452, Chrome_ChildThread] WARNING: pipe error: 109: file[Child 16196, Chrome_ChildThread] WARNING: pipe error: 232: file z:/build/build/src/ipc/chromium/src/chrome/common/ipc_channel_win.cc, line 513
[Child 16196, Chrome_ChildThread] WARNING: pipe error: 109: file z:/build/build/src/ipc/chromium/src/chrome/common/ipc_channel_win.cc, line 346
[Child 16196, Chr[Child 9832, Chrome_ChildThread] WARNING: pipe error: 109: file z:/build/build/src/ipc/chromium/src/chrome/common/ipc_channel_win.cc, line 346
[Child 9832, Chrome_ChildThread] WARNING: pipe error: 109: 1536490510155	geckodriver	INFO	geckodriver 0.20.1
1536490510165	geckodriver	INFO	Listening on 127.0.0.1:1516
1536490513222	mozrunner::runner	INFO	Running command: "C:\\Program Files (x86)\\Mozilla Firefox\\firefox.exe" "-marionette" "-profile" "C:\\Users\\user\\AppData\\Local\\Temp\\rust_mozprofile.i4F0bfrZorhn"
1536490516549	Marionette	INFO	Listening on port 1529
1536490516858	Marionette	WARN	TLS certificate errors will be ignored for this session
1536490516935	Marionette	DEBUG	[6442450945] Frame script loaded
1536490516937	Marionette	DEBUG	[6442450945] Frame script registered
1536490516993	Marionette	DEBUG	[6442450945] Received DOM event beforeunload for about:blank
1536490518172	Marionette	DEBUG	[6442450945] Received DOM event pagehide for about:blank
1536490519226	Marionette	DEBUG	[6442450945] Received DOM event DOMContentLoaded for https://awwapp.com/
1536490521431	Marionette	DEBUG	[6442450945] Received DOM event pageshow for https://awwapp.com/
1536490521473	Marionette	DEBUG	[6442450945] Received DOM event popstate for https://awwapp.com/#
1536490521735	Marionette	DEBUG	[6442450945] Canceled page load listener because no navigation has been detected
1536490524005	Marionette	INFO	Stopped listening on port 1529
[Child 14404, Chrome_ChildThread] WARNING: pipe error: 109: file z:/build/build/src/ipc/chromium/src[/chrome/common/ipc_channel_win.cc, line 346
Child 7452, Chrome_ChildThread] WARNING: pipe error: 109: file z:/build/build/src/ipc/chromium/src/chrome/common/ipc_channel_win.cc, line 346
[Ch[Child 8624, Chrome_ChildThread] WARNING: pipe error: 109: file z:/build/build/src/ipc/chromium/src/chrome/common/ipc_channel_win.cc, line 346
[Child 8624, Chr[GPU 9660, Chrom
###!!! [Child][MessageChannel::SendAndWait] Error: Channel error: cannot send/recv

1536490833968	geckodriver	INFO	geckodriver 0.20.1
1536490833976	geckodriver	INFO	Listening on 127.0.0.1:2218
1536490836972	mozrunner::runner	INFO	Running command: "C:\\Program Files (x86)\\Mozilla Firefox\\firefox.exe" "-marionette" "--headless" "-profile" "C:\\Users\\user\\AppData\\Local\\Temp\\rust_mozprofile.9u9ftc351hVL"
*** You are running in headless mode.
1536490839816	Marionette	INFO	Listening on port 2231
1536490840096	Marionette	WARN	TLS certificate errors will be ignored for this session
1536490840180	Marionette	DEBUG	[6442450945] Frame script loaded
1536490840183	Marionette	DEBUG	[6442450945] Frame script registered
1536490840213	Marionette	DEBUG	[6442450945] Received DOM event beforeunload for about:blank
1536490841146	Marionette	DEBUG	[6442450945] Received DOM event pagehide for about:blank
1536490842903	Marionette	DEBUG	[6442450945] Received DOM event DOMContentLoaded for https://awwapp.com/
1536490844420	Marionette	DEBUG	[6442450945] Received DOM event pageshow for https://awwapp.com/
1536490844473	Marionette	DEBUG	[6442450945] Received DOM event popstate for https://awwapp.com/#
1536490844734	Marionette	DEBUG	[6442450945] Canceled page load listener because no navigation has been detected
1536490846993	Marionette	INFO	Stopped listening on port 2231
[Child 7648, Chrome_ChildThread] WARNING: pipe error: 109: file z:/build/build/src/ipc/chromium/src/chrome/common/ipc_channel_win.cc, line 346
[Child 7648, Chrome_ChildThread] WARNING: pipe error: 109: file z:/build/build/src/ipc/chromium/src/chrome/common/ipc_channel_win.cc, li[Child 6548, Chrome_ChildThread] WARNING: pipe error: 109: file z:/build/build/src/ipc/chromium/src/chrome/common/ipc_channel_win.cc, l1536491421466	geckodriver	INFO	geckodriver 0.20.1
1536491421474	geckodriver	INFO	Listening on 127.0.0.1:3279
1536491424485	mozrunner::runner	INFO	Running command: "C:\\Program Files (x86)\\Mozilla Firefox\\firefox.exe" "-marionette" "--headless" "-profile" "C:\\Users\\user\\AppData\\Local\\Temp\\rust_mozprofile.qOBytAJr42KI"
*** You are running in headless mode.
1536491426388	Marionette	INFO	Listening on port 3292
1536491426501	Marionette	WARN	TLS certificate errors will be ignored for this session
1536491426575	Marionette	DEBUG	[6442450945] Frame script loaded
1536491426577	Marionette	DEBUG	[6442450945] Frame script registered
1536491426593	Marionette	DEBUG	[6442450945] Received DOM event beforeunload for about:blank
1536491427678	Marionette	DEBUG	[6442450945] Received DOM event pagehide for about:blank
1536491428769	Marionette	DEBUG	[6442450945] Received DOM event DOMContentLoaded for https://awwapp.com/
1536491430700	Marionette	DEBUG	[6442450945] Received DOM event pageshow for https://awwapp.com/
1536491430726	Marionette	DEBUG	[6442450945] Received DOM event popstate for https://awwapp.com/#
1536491430972	Marionette	DEBUG	[6442450945] Canceled page load listener because no navigation has been detected
1536491433180	Marionette	INFO	Stopped listening on port 3292
[Child 15340, Chrome_ChildThread] WARNING: pipe error: 232: file z:/build/build/src/ipc/chromium/src/chrome/common/ipc_channel_win.cc, line 513
[Child 15340, Chrome_ChildThread] WARNING: pipe error: 109: file z:/build/build/src/ipc/chromium/src/chrome/common/ipc_channel_win.cc, line 346
[Child 15340, Chrome_ChildTh[Child 11184, Chrome_ChildThread] WARNING: pipe error: 109: file z:/build/build/src/ipc/chromium/src/chrome/common/ipc_channel_win.cc, line 346
[Child 11184, Chrome_Ch1536492722503	geckodriver	INFO	geckodriver 0.20.1
1536492722512	geckodriver	INFO	Listening on 127.0.0.1:5420
1536492725524	mozrunner::runner	INFO	Running command: "C:\\Program Files (x86)\\Mozilla Firefox\\firefox.exe" "-marionette" "--headless" "-profile" "C:\\Users\\user\\AppData\\Local\\Temp\\rust_mozprofile.m1r3Rf5OWj34"
*** You are running in headless mode.
1536492727876	Marionette	INFO	Listening on port 5432
1536492728651	Marionette	WARN	TLS certificate errors will be ignored for this session
1536492728712	Marionette	DEBUG	[6442450945] Frame script loaded
1536492728714	Marionette	DEBUG	[6442450945] Frame script registered
1536492728738	Marionette	DEBUG	[6442450945] Received DOM event beforeunload for about:blank
1536492729669	Marionette	DEBUG	[6442450945] Received DOM event pagehide for about:blank
1536492730794	Marionette	DEBUG	[6442450945] Received DOM event DOMContentLoaded for https://awwapp.com/
1536492732666	Marionette	DEBUG	[6442450945] Received DOM event pageshow for https://awwapp.com/
1536492732694	Marionette	DEBUG	[6442450945] Received DOM event popstate for https://awwapp.com/#
1536492732946	Marionette	DEBUG	[6442450945] Canceled page load listener because no navigation has been detected
1536492735158	Marionette	INFO	Stopped listening on port 5432
[Child 508, Chrome_ChildThread] WARNING: pipe error: 109: file z:/build/build/src/ipc/chromium/src/chrome/common/ipc_channel_win.cc, line 346
[Child 508, Chrome_C[Child 15720, Chrome_ChildThread] WARNING: pipe error: 109: file z:/build/build/src/ipc/chromium/src/chrome/common/ipc_channel_win.cc, line 346
[Child 15720, Chrome_ChildTh1536492766192	geckodriver	INFO	geckodriver 0.20.1
1536492766200	geckodriver	INFO	Listening on 127.0.0.1:5568
1536492769206	mozrunner::runner	INFO	Running command: "C:\\Program Files (x86)\\Mozilla Firefox\\firefox.exe" "-marionette" "--headless" "-profile" "C:\\Users\\user\\AppData\\Local\\Temp\\rust_mozprofile.zpIOzR7vKuya"
*** You are running in headless mode.
1536492770917	Marionette	INFO	Listening on port 5580
1536492771222	Marionette	WARN	TLS certificate errors will be ignored for this session
1536492771286	Marionette	DEBUG	[6442450945] Frame script loaded
1536492771288	Marionette	DEBUG	[6442450945] Frame script registered
1536492771302	Marionette	DEBUG	[6442450945] Received DOM event beforeunload for about:blank
1536492772587	Marionette	DEBUG	[6442450945] Received DOM event pagehide for about:blank
1536492777534	Marionette	DEBUG	[6442450945] Received DOM event DOMContentLoaded for https://awwapp.com/
1536492780202	Marionette	DEBUG	[6442450945] Received DOM event pageshow for https://awwapp.com/
1536492780235	Marionette	DEBUG	[6442450945] Received DOM event popstate for https://awwapp.com/#
1536492780484	Marionette	DEBUG	[6442450945] Canceled page load listener because no navigation has been detected
1536492783797	Marionette	INFO	Stopped listening on port 5580
[Child 12260, Chrome_ChildThread] WARNING: pipe error: 109: file z:/build/build/src/ipc/chromium/src/chrome/common/ipc_channel_win.cc, line 346
[Child 12260, Chrome_ChildThread] WARNING: pipe error: 109: file z:/build/buil[Child 1608, Chrome_ChildThread] WARNING: pipe error: 232: file z:/build/build/src/ipc/chromium/src/chrome/common/ipc_channel_win.cc, line 513
[Child 1608, Chrome_ChildThread] WARNING: pipe error: 109: file z:/build/build/src/ipc/chromium/src/chrome/common/ipc_channel_win.cc, line 346
[Child 1608, Chrome_ChildThr[Child 6436, Chrome_ChildThread] WARNING: pipe error: 109: file z:/build/build/src/ipc/chromium/src/chrome/common/ipc_channel_win.cc, line 346
[Child 6436, Chrome_ChildThread] WARNING: pipe error: 109: file z:/build/build/src/ipc/chromium/src/chrome/common/ipc_channel_win.cc, line 346
1536492866333	geckodriver	INFO	geckodriver 0.20.1
1536492866340	geckodriver	INFO	Listening on 127.0.0.1:5826
1536492869355	mozrunner::runner	INFO	Running command: "C:\\Program Files (x86)\\Mozilla Firefox\\firefox.exe" "-marionette" "--headless" "-profile" "C:\\Users\\user\\AppData\\Local\\Temp\\rust_mozprofile.hlfYUdSm11h5"
*** You are running in headless mode.
1536492871140	Marionette	INFO	Listening on port 5839
1536492871372	Marionette	WARN	TLS certificate errors will be ignored for this session
1536492871438	Marionette	DEBUG	[6442450945] Frame script loaded
1536492871440	Marionette	DEBUG	[6442450945] Frame script registered
1536492871453	Marionette	DEBUG	[6442450945] Received DOM event beforeunload for about:blank
1536492872114	Marionette	DEBUG	[6442450945] Received DOM event pagehide for about:blank
1536492874415	Marionette	DEBUG	[6442450945] Received DOM event DOMContentLoaded for https://awwapp.com/
1536492875341	Marionette	DEBUG	[6442450945] Received DOM event pageshow for https://awwapp.com/
1536492875363	Marionette	DEBUG	[6442450945] Received DOM event popstate for https://awwapp.com/#
1536492875611	Marionette	DEBUG	[6442450945] Canceled page load listener because no navigation has been detected
1536492877818	Marionette	INFO	Stopped listening on port 5839
[Parent 9328, Gecko_IOThread] WARNING: pipe error: 109: file z:/build/build/src/ipc/chromium/src/chrome/common/ipc_channel_win.cc, line 346
[Child 11208, Chrome_ChildThread] WARNING: pipe error: 109: file z:/build/build/src/ipc/chromium/src/chrome/common/ipc_channel_win.cc, line 346
[Child 11208, Chrome_Child1536493031885	geckodriver	INFO	geckodriver 0.20.1
1536493031893	geckodriver	INFO	Listening on 127.0.0.1:6173
1536493034885	mozrunner::runner	INFO	Running command: "C:\\Program Files (x86)\\Mozilla Firefox\\firefox.exe" "-marionette" "--headless" "-profile" "C:\\Users\\user\\AppData\\Local\\Temp\\rust_mozprofile.iy34zXMTSybX"
*** You are running in headless mode.
1536493036891	Marionette	INFO	Listening on port 6186
1536493036908	Marionette	WARN	TLS certificate errors will be ignored for this session
1536493036987	Marionette	DEBUG	[6442450945] Frame script loaded
1536493036989	Marionette	DEBUG	[6442450945] Frame script registered
1536493037001	Marionette	DEBUG	[6442450945] Received DOM event beforeunload for about:blank
1536493037917	Marionette	DEBUG	[6442450945] Received DOM event pagehide for about:blank
1536493038788	Marionette	DEBUG	[6442450945] Received DOM event DOMContentLoaded for https://awwapp.com/
1536493040731	Marionette	DEBUG	[6442450945] Received DOM event pageshow for https://awwapp.com/
1536493040758	Marionette	DEBUG	[6442450945] Received DOM event popstate for https://awwapp.com/#
1536493041003	Marionette	DEBUG	[6442450945] Canceled page load listener because no navigation has been detected
1536493043226	Marionette	INFO	Stopped listening on port 6186
[Child 2800, Chrome_ChildThread] WARNING: pipe error: 109: file z:/build/build/src/ipc/chromium/src/chrome/common/ipc_channel_win.cc, line 346
[Child 2800, Ch[Child 9780, Chrome_ChildThread] WARNING: pipe error: 232: file z:/build/build/src/ipc/chromium/src/chrome/common/ipc_channel_win.cc, line 513
[Child 9780, Chrome_ChildThread] WARNING: pipe error: 109: file z:/build/build/src/ipc/chromium/src/chrome/common/ipc_channel_win.cc, line 346
[Child 9780, Chrome_1536493309251	geckodriver	INFO	geckodriver 0.20.1
1536493309259	geckodriver	INFO	Listening on 127.0.0.1:6715
1536493312267	mozrunner::runner	INFO	Running command: "C:\\Program Files (x86)\\Mozilla Firefox\\firefox.exe" "-marionette" "--headless" "-profile" "C:\\Users\\user\\AppData\\Local\\Temp\\rust_mozprofile.5i6yqK8gOuME"
*** You are running in headless mode.
1536493314187	Marionette	INFO	Listening on port 6728
1536493314286	Marionette	WARN	TLS certificate errors will be ignored for this session
1536493314369	Marionette	DEBUG	[6442450945] Frame script loaded
1536493314371	Marionette	DEBUG	[6442450945] Frame script registered
1536493314383	Marionette	DEBUG	[6442450945] Received DOM event beforeunload for about:blank
1536493315251	Marionette	DEBUG	[6442450945] Received DOM event pagehide for about:blank
1536493316319	Marionette	DEBUG	[6442450945] Received DOM event DOMContentLoaded for https://awwapp.com/
1536493318411	Marionette	DEBUG	[6442450945] Received DOM event pageshow for https://awwapp.com/
1536493318467	Marionette	DEBUG	[6442450945] Received DOM event popstate for https://awwapp.com/#
1536493318729	Marionette	DEBUG	[6442450945] Canceled page load listener because no navigation has been detected
1536493320960	Marionette	INFO	Stopped listening on port 6728
1536493420560	geckodriver	INFO	geckodriver 0.20.1
1536493420568	geckodriver	INFO	Listening on 127.0.0.1:6973
1536493423562	mozrunner::runner	INFO	Running command: "C:\\Program Files (x86)\\Mozilla Firefox\\firefox.exe" "-marionette" "--headless" "-profile" "C:\\Users\\user\\AppData\\Local\\Temp\\rust_mozprofile.0YdUuerm9BiD"
*** You are running in headless mode.
1536493425389	Marionette	INFO	Listening on port 6986
1536493425578	Marionette	WARN	TLS certificate errors will be ignored for this session
1536493425658	Marionette	DEBUG	[6442450945] Frame script loaded
1536493425660	Marionette	DEBUG	[6442450945] Frame script registered
1536493425674	Marionette	DEBUG	[6442450945] Received DOM event beforeunload for about:blank
1536493426567	Marionette	DEBUG	[6442450945] Received DOM event pagehide for about:blank
1536493427491	Marionette	DEBUG	[6442450945] Received DOM event DOMContentLoaded for https://awwapp.com/
1536493429595	Marionette	DEBUG	[6442450945] Received DOM event pageshow for https://awwapp.com/
1536493429623	Marionette	DEBUG	[6442450945] Received DOM event popstate for https://awwapp.com/#
1536493429868	Marionette	DEBUG	[6442450945] Canceled page load listener because no navigation has been detected
1536493432078	Marionette	INFO	Stopped listening on port 6986
[Child 2664, Chrome_ChildThread] WARNING: pipe error: 109: file z:/build/build/src/ipc/chromium/src/chrome/common/ipc_channel_win.cc, line 346
[Child 2664, Chrome_ChildThread] WARNING: pipe error: 109: file z:/build/bu[Child 5284, Chrome_ChildThread] WARNING: pipe error: 232: file z:/build/build/src/ipc/chromium/src/chrome/common/ipc_channel_win.cc, line 513
[Child 5284, Chrome_ChildThread] WARNING: pipe error: 109: file z:/build/build/src/ipc/chromium/src/chrome/common/ipc_channel_win.cc, line 346
[Child 5284, Chrome_1536493472880	geckodriver	INFO	geckodriver 0.20.1
1536493472888	geckodriver	INFO	Listening on 127.0.0.1:7126
1536493475883	mozrunner::runner	INFO	Running command: "C:\\Program Files (x86)\\Mozilla Firefox\\firefox.exe" "-marionette" "--headless" "-profile" "C:\\Users\\user\\AppData\\Local\\Temp\\rust_mozprofile.CDIk0ZSjqPNN"
*** You are running in headless mode.
1536493477631	Marionette	INFO	Listening on port 7139
1536493477897	Marionette	WARN	TLS certificate errors will be ignored for this session
1536493477969	Marionette	DEBUG	[6442450945] Frame script loaded
1536493477971	Marionette	DEBUG	[6442450945] Frame script registered
1536493477983	Marionette	DEBUG	[6442450945] Received DOM event beforeunload for about:blank
1536493478697	Marionette	DEBUG	[6442450945] Received DOM event pagehide for about:blank
1536493479647	Marionette	DEBUG	[6442450945] Received DOM event DOMContentLoaded for https://awwapp.com/
1536493481997	Marionette	DEBUG	[6442450945] Received DOM event pageshow for https://awwapp.com/
1536493482023	Marionette	DEBUG	[6442450945] Received DOM event popstate for https://awwapp.com/#
1536493482266	Marionette	DEBUG	[6442450945] Canceled page load listener because no navigation has been detected
1536493484475	Marionette	INFO	Stopped listening on port 7139

###!!! [Child][RunMessage] Error: Channel closing: too late to send/recv, messages will be lost

[Parent 1152, Gecko_IOThread] WARNING: pipe error: 109: file z:/build/build/src/ipc/chromium/src/chrome/common/ipc_channel_win.cc, line 346
[Child 15116, Chrome_ChildThread] WARNING: pipe error: 109: file z:/build/build/src/ipc/chromium/src/chrome/common/ipc_channel_win.cc, line 346
[Child 15116, 1536493593616	geckodriver	INFO	geckodriver 0.20.1
1536493593625	geckodriver	INFO	Listening on 127.0.0.1:7386
1536493596636	mozrunner::runner	INFO	Running command: "C:\\Program Files (x86)\\Mozilla Firefox\\firefox.exe" "-marionette" "--headless" "-profile" "C:\\Users\\user\\AppData\\Local\\Temp\\rust_mozprofile.pbbVmYibcDty"
*** You are running in headless mode.
1536493598498	Marionette	INFO	Listening on port 7399
1536493598653	Marionette	WARN	TLS certificate errors will be ignored for this session
1536493598716	Marionette	DEBUG	[6442450945] Frame script loaded
1536493598718	Marionette	DEBUG	[6442450945] Frame script registered
1536493598731	Marionette	DEBUG	[6442450945] Received DOM event beforeunload for about:blank
1536493599425	Marionette	DEBUG	[6442450945] Received DOM event pagehide for about:blank
1536493600723	Marionette	DEBUG	[6442450945] Received DOM event DOMContentLoaded for https://awwapp.com/
1536493602417	Marionette	DEBUG	[6442450945] Received DOM event pageshow for https://awwapp.com/
1536493602443	Marionette	DEBUG	[6442450945] Received DOM event popstate for https://awwapp.com/#
1536493602693	Marionette	DEBUG	[6442450945] Canceled page load listener because no navigation has been detected
1536493604915	Marionette	INFO	Stopped listening on port 7399
[Child 1432, Chrome_ChildThread] WARNING: pipe error: 232: file z:/build/build/src/ipc/chromium/src/chrome/common/ipc_channel_win.cc, line 513
[Child 1432, Chrome_ChildThread] WARNING: pipe error: 232: file z:/build/build/src/ipc/chromium/src/chrome/common/ipc_channel_win.cc, line 513
[Child 1432, Chrome_ChildThread] WARNING: pipe error: 109: file z:/build/build/src/ipc/chromium/src/chrome/common/ipc_channel_win.cc, line 346
[Child 1432, Chrome_C1536494401045	geckodriver	INFO	geckodriver 0.20.1
1536494401053	geckodriver	INFO	Listening on 127.0.0.1:8923
1536494404058	mozrunner::runner	INFO	Running command: "C:\\Program Files (x86)\\Mozilla Firefox\\firefox.exe" "-marionette" "--headless" "-profile" "C:\\Users\\user\\AppData\\Local\\Temp\\rust_mozprofile.ifWqPmTf7dl8"
*** You are running in headless mode.
1536494406334	Marionette	INFO	Listening on port 8936
1536494407172	Marionette	WARN	TLS certificate errors will be ignored for this session
1536494407247	Marionette	DEBUG	[6442450945] Frame script loaded
1536494407249	Marionette	DEBUG	[6442450945] Frame script registered
1536494407262	Marionette	DEBUG	[6442450945] Received DOM event beforeunload for about:blank
1536494408243	Marionette	DEBUG	[6442450945] Received DOM event pagehide for about:blank
1536494409284	Marionette	DEBUG	[6442450945] Received DOM event DOMContentLoaded for https://awwapp.com/
1536494411739	Marionette	DEBUG	[6442450945] Received DOM event pageshow for https://awwapp.com/
1536494411767	Marionette	DEBUG	[6442450945] Received DOM event popstate for https://awwapp.com/#
1536494412006	Marionette	DEBUG	[6442450945] Canceled page load listener because no navigation has been detected
1536494414219	Marionette	INFO	Stopped listening on port 8936
[Child 11572, Chrome_ChildThread] WARNING: pipe error: 109: file z:/build/build/src/ipc/chromium/src/chrome/common/ipc_channel_win.cc, line 346
[Child 11572, Chrome_ChildThread] WARNING: pipe error: 109: file z:/build/build/src/ipc/chromium/src/chrome/common/ipc_channel_win.cc, line 346
[Child 9392, Chrome_ChildThread] WARNING: pipe error: 109: file z:/build/build/src/ipc/chromium/src/chrome/common/ipc_channel_win.cc, line 346

###!!! [Child][RunMessage] Error: Channel closing: too late to send/recv, messages will be lost


###!!! [Child][RunMessage] Error: Channel closing: too late to send/recv, messages will be lost

[Child 9392, Chrome_ChildThre[Child 4728, Chrome_ChildThread] WARNING: pipe error: 109: file z:/build/build/src/ipc/chromium/src/chrome/common/ipc_channel_win.cc, line 346
[Child 4728, Chrome_ChildThread] WARNING1536494473449	geckodriver	INFO	geckodriver 0.20.1
1536494473456	geckodriver	INFO	Listening on 127.0.0.1:9140
1536494476465	mozrunner::runner	INFO	Running command: "C:\\Program Files (x86)\\Mozilla Firefox\\firefox.exe" "-marionette" "--headless" "-profile" "C:\\Users\\user\\AppData\\Local\\Temp\\rust_mozprofile.kHi9CR31dNjZ"
*** You are running in headless mode.
1536494478627	Marionette	INFO	Listening on port 9153
1536494479590	Marionette	WARN	TLS certificate errors will be ignored for this session
1536494479660	Marionette	DEBUG	[6442450945] Frame script loaded
1536494479662	Marionette	DEBUG	[6442450945] Frame script registered
1536494479676	Marionette	DEBUG	[6442450945] Received DOM event beforeunload for about:blank
1536494480341	Marionette	DEBUG	[6442450945] Received DOM event pagehide for about:blank
1536494481525	Marionette	DEBUG	[6442450945] Received DOM event DOMContentLoaded for https://awwapp.com/
1536494483370	Marionette	DEBUG	[6442450945] Received DOM event pageshow for https://awwapp.com/
1536494483396	Marionette	DEBUG	[6442450945] Received DOM event popstate for https://awwapp.com/#
1536494483644	Marionette	DEBUG	[6442450945] Canceled page load listener because no navigation has been detected
1536494485902	Marionette	INFO	Stopped listening on port 9153
[Parent 10104, Gecko_IOThread] WARNING: pipe error: 109: file z:/build/build/src/ipc/chromium/src/chrome/common/ipc_channel_win.cc, line 346
[Child 13364, Chrome_ChildThread] WARNING: pipe error: 109: file z:/build/build/src/ipc/chromium/src/chrome/common/ipc_channel_win.cc, line 346
[Child 13364, 1536494754132	geckodriver	INFO	geckodriver 0.20.1
1536494754140	geckodriver	INFO	Listening on 127.0.0.1:9708
1536494757141	mozrunner::runner	INFO	Running command: "C:\\Program Files (x86)\\Mozilla Firefox\\firefox.exe" "-marionette" "--headless" "-profile" "C:\\Users\\user\\AppData\\Local\\Temp\\rust_mozprofile.cQuicoYJd4ml"
*** You are running in headless mode.
1536494759481	Marionette	INFO	Listening on port 9721
1536494760263	Marionette	WARN	TLS certificate errors will be ignored for this session
1536494760326	Marionette	DEBUG	[6442450945] Frame script loaded
1536494760328	Marionette	DEBUG	[6442450945] Frame script registered
1536494760341	Marionette	DEBUG	[6442450945] Received DOM event beforeunload for about:blank
1536494761516	Marionette	DEBUG	[6442450945] Received DOM event pagehide for about:blank
1536494762344	Marionette	DEBUG	[6442450945] Received DOM event DOMContentLoaded for https://awwapp.com/
1536494764531	Marionette	DEBUG	[6442450945] Received DOM event pageshow for https://awwapp.com/
1536494764558	Marionette	DEBUG	[6442450945] Received DOM event popstate for https://awwapp.com/#
1536494764802	Marionette	DEBUG	[6442450945] Canceled page load listener because no navigation has been detected
1536494765959	Marionette	INFO	Stopped listening on port 9721
[Child 8132, Chrome_ChildThread] WARNING: pipe error: 109: file z:/build/build/src/ipc/chromium/src/chrome/common/ipc_channel_win.cc, line 346
[Child 8132, Chrome_ChildThread] WARNING: pipe error: 109: file z:/build/build/src/ipc/chromium/src/chrome/common/ipc
###!!! [Child][RunMessage] Error: Channel closing: too late to send/recv, messages will be lost

[Child 3396, Chrome_ChildThread] WARNING: pipe error: 109: file z:/build/build/src/ipc/chromium/src/chrome/common/ipc_channel_win.cc, line 346
[Child 3396, Chrome_Child1536495305327	geckodriver	INFO	geckodriver 0.20.1
1536495305335	geckodriver	INFO	Listening on 127.0.0.1:10717
1536495308346	mozrunner::runner	INFO	Running command: "C:\\Program Files (x86)\\Mozilla Firefox\\firefox.exe" "-marionette" "--headless" "-profile" "C:\\Users\\user\\AppData\\Local\\Temp\\rust_mozprofile.rjmIsrXs0L60"
*** You are running in headless mode.
1536495312260	Marionette	INFO	Listening on port 10730
1536495312487	Marionette	WARN	TLS certificate errors will be ignored for this session
1536495312571	Marionette	DEBUG	[6442450945] Frame script loaded
1536495312573	Marionette	DEBUG	[6442450945] Frame script registered
1536495312599	Marionette	DEBUG	[6442450945] Received DOM event beforeunload for about:blank
1536495313523	Marionette	DEBUG	[6442450945] Received DOM event pagehide for about:blank
1536495314653	Marionette	DEBUG	[6442450945] Received DOM event DOMContentLoaded for https://awwapp.com/
1536495316740	Marionette	DEBUG	[6442450945] Received DOM event pageshow for https://awwapp.com/
1536495316776	Marionette	DEBUG	[6442450945] Received DOM event popstate for https://awwapp.com/#
1536495317019	Marionette	DEBUG	[6442450945] Canceled page load listener because no navigation has been detected
1536495319258	Marionette	INFO	Stopped listening on port 10730
[Child 3772, Chrome_ChildThread] WARNING: pipe error: 109: file z:/build/build/src/ipc/chromium/src/chrome/common/ipc_channel_win.cc, line 346
[Child 3772, Chr
###!!! [Child][RunMessage] Error: Channel closing: too late to send/recv, messages will be lost

[Parent 12856, Gecko_IOThread] WARNING: pipe error: 109: file z:/build/build/src/ipc/chromium/src/chrome/common/ipc_channel_win.cc, line 346
[Child 7088, Chrome_ChildThread] WARNING: pipe error: 109: file z:/build/build/src/ipc/chromium/src/chrome/common/ipc_channel_win.cc, line 346
[Child 7088, Chrome_ChildThre1536495577552	geckodriver	INFO	geckodriver 0.20.1
1536495577560	geckodriver	INFO	Listening on 127.0.0.1:11251
1536495580562	mozrunner::runner	INFO	Running command: "C:\\Program Files (x86)\\Mozilla Firefox\\firefox.exe" "-marionette" "--headless" "-profile" "C:\\Users\\user\\AppData\\Local\\Temp\\rust_mozprofile.fteB8uDJJzU4"
*** You are running in headless mode.
1536495582813	Marionette	INFO	Listening on port 11264
1536495583681	Marionette	WARN	TLS certificate errors will be ignored for this session
1536495583754	Marionette	DEBUG	[6442450945] Frame script loaded
1536495583756	Marionette	DEBUG	[6442450945] Frame script registered
1536495583771	Marionette	DEBUG	[6442450945] Received DOM event beforeunload for about:blank
1536495584441	Marionette	DEBUG	[6442450945] Received DOM event pagehide for about:blank
1536495585582	Marionette	DEBUG	[6442450945] Received DOM event DOMContentLoaded for https://awwapp.com/
1536495587661	Marionette	DEBUG	[6442450945] Received DOM event pageshow for https://awwapp.com/
1536495587688	Marionette	DEBUG	[6442450945] Received DOM event popstate for https://awwapp.com/#
1536495587932	Marionette	DEBUG	[6442450945] Canceled page load listener because no navigation has been detected
1536495590149	Marionette	INFO	Stopped listening on port 11264
[Child 15432, Chrome_ChildThread] WARNING: pipe error: 109: file z:/build/build/src/ipc/chromium/src/chrome/common/ipc_channel_win.cc, line 346
[Child 15432, Chrome_ChildThread] WARNI[Child 7204, Chrome_ChildThread] WARNING: pipe error: 109: file z:/build/build/src/ipc/chromium/src/chrome/common/ipc_channel_win.cc, line 346
[Parent 3688, Gecko_IOThread] WARNING: pipe error: 109: file z:/build/build/src/ipc/chromium/src/chrome/common/ipc_channel_win.cc, line 346
1536495783669	geckodriver	INFO	geckodriver 0.20.1
1536495783679	geckodriver	INFO	Listening on 127.0.0.1:11668
1536495786678	mozrunner::runner	INFO	Running command: "C:\\Program Files (x86)\\Mozilla Firefox\\firefox.exe" "-marionette" "--headless" "-profile" "C:\\Users\\user\\AppData\\Local\\Temp\\rust_mozprofile.CSK0JfEt6wWD"
*** You are running in headless mode.
1536495788923	Marionette	INFO	Listening on port 11680
1536495789799	Marionette	WARN	TLS certificate errors will be ignored for this session
1536495789865	Marionette	DEBUG	[6442450945] Frame script loaded
1536495789867	Marionette	DEBUG	[6442450945] Frame script registered
1536495789884	Marionette	DEBUG	[6442450945] Received DOM event beforeunload for about:blank
1536495790888	Marionette	DEBUG	[6442450945] Received DOM event pagehide for about:blank
1536495791907	Marionette	DEBUG	[6442450945] Received DOM event DOMContentLoaded for https://awwapp.com/
1536495793893	Marionette	DEBUG	[6442450945] Received DOM event pageshow for https://awwapp.com/
1536495793919	Marionette	DEBUG	[6442450945] Received DOM event popstate for https://awwapp.com/#
1536495794165	Marionette	DEBUG	[6442450945] Canceled page load listener because no navigation has been detected
1536495796436	Marionette	INFO	Stopped listening on port 11680
[Child 4380, Chrome_ChildThread] WARNING: pipe error: 109: file z:/build/build/src/ipc/chromium/src/chrome/common/ipc_channel_win.cc, line 346
[Child 4380, Chrome_ChildT[Child 11576, Chrome_ChildThread] WARNING: pipe error: 109: file z:/build/build/src/ip
###!!! [Child][RunMessage] Error: Channel closing: too late to send/recv, messages will be lost

c/chromium/src/chrome/common/ipc_channel_win.cc, line 346
1536495832702	geckodriver	INFO	geckodriver 0.20.1
1536495832716	geckodriver	INFO	Listening on 127.0.0.1:11826
1536495835723	mozrunner::runner	INFO	Running command: "C:\\Program Files (x86)\\Mozilla Firefox\\firefox.exe" "-marionette" "--headless" "-profile" "C:\\Users\\user\\AppData\\Local\\Temp\\rust_mozprofile.GwmvWVVTb8ne"
*** You are running in headless mode.
1536495837195	Marionette	INFO	Listening on port 11839
1536495837244	Marionette	WARN	TLS certificate errors will be ignored for this session
1536495837363	Marionette	DEBUG	[6442450945] Frame script loaded
1536495837365	Marionette	DEBUG	[6442450945] Frame script registered
1536495837377	Marionette	DEBUG	[6442450945] Received DOM event beforeunload for about:blank
1536495838059	Marionette	DEBUG	[6442450945] Received DOM event pagehide for about:blank
1536495838869	Marionette	DEBUG	[6442450945] Received DOM event DOMContentLoaded for https://awwapp.com/
1536495840900	Marionette	DEBUG	[6442450945] Received DOM event pageshow for https://awwapp.com/
1536495840928	Marionette	DEBUG	[6442450945] Received DOM event popstate for https://awwapp.com/#
1536495841169	Marionette	DEBUG	[6442450945] Canceled page load listener because no navigation has been detected
1536495843379	Marionette	INFO	Stopped listening on port 11839
[Child 5112, Chrome_ChildThread] WARNING: pipe error: 109: file z:/build/build/src/ipc/chromium/src/chrome/common/ipc_channel_win.cc, line 346
[Child 5112, Chrome[Child 16344, Chrome_ChildThread] WARNING: pipe error: 232: file z:/build/build/src/ipc/chromium/src/chrome/common/ipc_channel_win.cc, line 513
[Child 16344, Chrome_ChildThread] WARNING: pipe error: 232: file z:/build/build/src/ipc/chromium/src/chrome/common/ipc_channel_win.cc, line 513
[Child 16344, Chrome_ChildThread] WARNING: pipe error: 109: file z:/build/build/src/ipc/chromium/src/chrome/common/ipc_channel_win.cc, line 346
[Child 16344, Chrome_ChildThread] W
###!!! [Child][RunMessage] Error: Channel closing: too late to send/recv, messages will be lost

ARNING: pipe error: 109: file z:/build/build/src/ipc/chromium/src/chrome/common/ipc_channel_win.cc, line 346
[Child 14612, Chrome_ChildThread] WARNING: pipe error: 109: file z:/build/build/src/ipc/chromium/src/chrome/common/ipc_channel_win.cc, line 346
[Child 14612, Chrome_ChildThre1536496144438	geckodriver	INFO	geckodriver 0.20.1
1536496144446	geckodriver	INFO	Listening on 127.0.0.1:12423
1536496147469	mozrunner::runner	INFO	Running command: "C:\\Program Files (x86)\\Mozilla Firefox\\firefox.exe" "-marionette" "--headless" "-profile" "C:\\Users\\user\\AppData\\Local\\Temp\\rust_mozprofile.sVlT95hGd9lo"
*** You are running in headless mode.
1536496149295	Marionette	INFO	Listening on port 12436
1536496149485	Marionette	WARN	TLS certificate errors will be ignored for this session
1536496149556	Marionette	DEBUG	[6442450945] Frame script loaded
1536496149558	Marionette	DEBUG	[6442450945] Frame script registered
1536496149570	Marionette	DEBUG	[6442450945] Received DOM event beforeunload for about:blank
1536496150586	Marionette	DEBUG	[6442450945] Received DOM event pagehide for about:blank
1536496151673	Marionette	DEBUG	[6442450945] Received DOM event DOMContentLoaded for https://awwapp.com/
1536496153571	Marionette	DEBUG	[6442450945] Received DOM event pageshow for https://awwapp.com/
1536496153596	Marionette	DEBUG	[6442450945] Received DOM event popstate for https://awwapp.com/#
1536496153843	Marionette	DEBUG	[6442450945] Canceled page load listener because no navigation has been detected
1536496156141	Marionette	INFO	Stopped listening on port 12436
[Child 13852, Chrome_ChildThread] WARNING: pipe error: 109: file z:/build/build/src/ipc/chromium/src/chrome/common/ipc_channel_win.cc, line 346
[Child 13852, Chrome_ChildThread] WARNING: pipe error[Child 2196, Chrome_ChildThread] WARNING: pipe error: 109: file z:/build/build/src/ipc/chromium/src/chro
###!!! [Child][RunMessage] Error: Channel closing: too late to send/recv, messages will be lost

me/common/ipc_channel_win.cc, line 346
[Child 2196, Chrome_ChildThread] WARNING: pipe error: 109: file z:/build/build/src/ipc/chromium/src/chrome/com1536496271585	geckodriver	INFO	geckodriver 0.20.1
1536496271594	geckodriver	INFO	Listening on 127.0.0.1:12722
1536496274604	mozrunner::runner	INFO	Running command: "C:\\Program Files (x86)\\Mozilla Firefox\\firefox.exe" "-marionette" "--headless" "-profile" "C:\\Users\\user\\AppData\\Local\\Temp\\rust_mozprofile.mHiJBtuA23Tu"
*** You are running in headless mode.
1536496276670	Marionette	INFO	Listening on port 12734
1536496277722	Marionette	WARN	TLS certificate errors will be ignored for this session
1536496277795	Marionette	DEBUG	[6442450945] Frame script loaded
1536496277797	Marionette	DEBUG	[6442450945] Frame script registered
1536496277812	Marionette	DEBUG	[6442450945] Received DOM event beforeunload for about:blank
1536496278476	Marionette	DEBUG	[6442450945] Received DOM event pagehide for about:blank
1536496279797	Marionette	DEBUG	[6442450945] Received DOM event DOMContentLoaded for https://awwapp.com/
1536496281424	Marionette	DEBUG	[6442450945] Received DOM event pageshow for https://awwapp.com/
1536496281449	Marionette	DEBUG	[6442450945] Received DOM event popstate for https://awwapp.com/#
1536496281694	Marionette	DEBUG	[6442450945] Canceled page load listener because no navigation has been detected
1536496283902	Marionette	INFO	Stopped listening on port 12734
[Child 15960, Chrome_ChildThread] WARNING: pipe error: 109: file z:/build/build/src/ipc/chromium/src/chrome/common/ipc_channel_win.cc, line 346
[Child 15960, Chrome_ChildThread] WARNING: pipe error: 109: file z:/build/build/src/ipc/chromium/src/chrome[Child 11044, Chrome_ChildThread]
###!!! [Child][RunMessage] Error: Channel closing: too late to send/recv, messages will be lost

 WARNING: pipe error: 109: file z:/build/build/src/ipc/chromium/src/chrome/common/ipc_channel_win.cc, line 346
[Child 11044, Chrome_ChildThread] WAR1536496542262	geckodriver	INFO	geckodriver 0.20.1
1536496542270	geckodriver	INFO	Listening on 127.0.0.1:13287
1536496545259	mozrunner::runner	INFO	Running command: "C:\\Program Files (x86)\\Mozilla Firefox\\firefox.exe" "-marionette" "--headless" "-profile" "C:\\Users\\user\\AppData\\Local\\Temp\\rust_mozprofile.cZwDn7uPvHQr"
*** You are running in headless mode.
1536496547085	Marionette	INFO	Listening on port 13300
1536496547275	Marionette	WARN	TLS certificate errors will be ignored for this session
1536496547350	Marionette	DEBUG	[6442450945] Frame script loaded
1536496547352	Marionette	DEBUG	[6442450945] Frame script registered
1536496547366	Marionette	DEBUG	[6442450945] Received DOM event beforeunload for about:blank
1536496548346	Marionette	DEBUG	[6442450945] Received DOM event pagehide for about:blank
1536496549114	Marionette	DEBUG	[6442450945] Received DOM event DOMContentLoaded for https://awwapp.com/
1536496551594	Marionette	DEBUG	[6442450945] Received DOM event pageshow for https://awwapp.com/
1536496551620	Marionette	DEBUG	[6442450945] Received DOM event popstate for https://awwapp.com/#
1536496551858	Marionette	DEBUG	[6442450945] Canceled page load listener because no navigation has been detected
1536496554161	Marionette	INFO	Stopped listening on port 13300
[Child 14900, Chrome_ChildThread] WARNING: pipe error: 109: file z:/build/build/src/ipc/chromium/src/chrome/common/ipc_channel_win.cc, line 346
[Child 14900, Chrome_ChildThread] WARNING: pipe error: 109: file z:/build/1536496960519	geckodriver	INFO	geckodriver 0.20.1
1536496960527	geckodriver	INFO	Listening on 127.0.0.1:14105
1536496963537	mozrunner::runner	INFO	Running command: "C:\\Program Files (x86)\\Mozilla Firefox\\firefox.exe" "-marionette" "--headless" "-profile" "C:\\Users\\user\\AppData\\Local\\Temp\\rust_mozprofile.4kyNAxtwYrfH"
*** You are running in headless mode.
1536496965874	Marionette	INFO	Listening on port 14117
1536496966675	Marionette	WARN	TLS certificate errors will be ignored for this session
1536496966756	Marionette	DEBUG	[6442450945] Frame script loaded
1536496966758	Marionette	DEBUG	[6442450945] Frame script registered
1536496966771	Marionette	DEBUG	[6442450945] Received DOM event beforeunload for about:blank
1536496967519	Marionette	DEBUG	[6442450945] Received DOM event pagehide for about:blank
1536496968792	Marionette	DEBUG	[6442450945] Received DOM event DOMContentLoaded for https://awwapp.com/
1536496971251	Marionette	DEBUG	[6442450945] Received DOM event pageshow for https://awwapp.com/
1536496971279	Marionette	DEBUG	[6442450945] Received DOM event popstate for https://awwapp.com/#
1536496971526	Marionette	DEBUG	[6442450945] Canceled page load listener because no navigation has been detected
1536496973770	Marionette	INFO	Stopped listening on port 14117
[Child 15324, Chrome_ChildThread] WARNING: pipe error: 109: file z:/build/build/src/ipc/chromium/src/chrome/common/ipc_channel_win.cc, line 346
[Child 15324, Ch[Child 15084, Chrome_ChildThread] WARNING: pipe error: 109: file z:/build/build/src
###!!! [Child][RunMessage] Error: Channel closing: too late to send/recv, messages will be lost

/ipc/chromium/src/chrome/common/ipc_channel_win.cc, line 346
[Child 15084, Chrome_ChildThread] WARNING: pipe error: 109: file z[Parent 8844, Gecko_IOThread] WARNING: pipe error: 109: file z:/build/build/src/ipc/chromium/src/chrome/common/ipc_channel_win.cc, line 346
1536498544720	geckodriver	INFO	geckodriver 0.20.1
1536498544728	geckodriver	INFO	Listening on 127.0.0.1:2996
1536498547756	mozrunner::runner	INFO	Running command: "C:\\Program Files (x86)\\Mozilla Firefox\\firefox.exe" "-marionette" "--headless" "-profile" "C:\\Users\\user\\AppData\\Local\\Temp\\rust_mozprofile.oD2oLQfkuOov"
*** You are running in headless mode.
1536498550158	Marionette	INFO	Listening on port 3008
1536498550888	Marionette	WARN	TLS certificate errors will be ignored for this session
1536498550959	Marionette	DEBUG	[6442450945] Frame script loaded
1536498550962	Marionette	DEBUG	[6442450945] Frame script registered
1536498550986	Marionette	DEBUG	[6442450945] Received DOM event beforeunload for about:blank
1536498551666	Marionette	DEBUG	[6442450945] Received DOM event pagehide for about:blank
1536498552836	Marionette	DEBUG	[6442450945] Received DOM event DOMContentLoaded for https://awwapp.com/
1536498554378	Marionette	DEBUG	[6442450945] Received DOM event pageshow for https://awwapp.com/
1536498554414	Marionette	DEBUG	[6442450945] Received DOM event popstate for https://awwapp.com/#
1536498554658	Marionette	DEBUG	[6442450945] Canceled page load listener because no navigation has been detected
1536498556886	Marionette	INFO	Stopped listening on port 3008
[Parent 14244, Gecko_IOThread] WARNING: pipe error: 109: file z:/build/build/src/ipc/chromium/src/chrome/common/ipc_channel_win.cc, line 346
[Child 15160, Chrome_ChildThread] WARNING: pipe error: 109: file z:/build/build/src/ipc/chromium/src/chrome/common/ipc_channel_win.cc, line 346
[Child 15160, Chrome_ChildThread] 